<?xml version="1.0" encoding="UTF-8"?>
<!-- Generated by org.testng.reporters.JUnitReportReporter -->
<testsuite skipped="0" hostname="PHQCEALP00075" name="Testing.RegressionPack" tests="2" failures="0" timestamp="2021-08-27T09:56:52 SGT" time="375.308" errors="0">
  <testcase name="EditProfile" time="166.450" classname="Testing.RegressionPack"/>
  <system-out/>
  <testcase name="PinModication" time="208.858" classname="Testing.RegressionPack"/>
  <system-out/>
</testsuite> <!-- Testing.RegressionPack -->
